<?xml version="1.0" encoding="UTF-8"?>
<!-- Generated by org.testng.reporters.JUnitReportReporter -->
<testsuite hostname="User-PC" name="com.testyantra.testscript.TestScript" tests="1" failures="0" timestamp="6 Jan 2020 10:03:08 GMT" time="266.423" errors="0">
  <testcase name="Compareprice" time="266.423" classname="com.testyantra.testscript.TestScript"/>
</testsuite> <!-- com.testyantra.testscript.TestScript -->
